<?xml version="1.0" encoding="UTF-8"?>
<!-- Generated by org.testng.reporters.JUnitReportReporter -->
<testsuite skipped="0" hostname="LAPTOP-8N9MAC73" name="org.fb.FbError" tests="1" failures="0" timestamp="26 Feb 2023 07:06:16 GMT" time="6.292" errors="0">
  <testcase name="test1" time="6.292" classname="org.fb.FbError"/>
</testsuite> <!-- org.fb.FbError -->
